<?xml version="1.0" encoding="UTF-8"?>
<!-- Generated by org.testng.reporters.JUnitXMLReporter -->
<testsuite ignored="0" hostname="Yousuf-HP-I5-8GEN-CORE" failures="0" tests="3" name="Default test" time="2.495" errors="0" timestamp="2023-07-01T22:11:21 IST">
  <testcase classname="com.tcs.dnd.Dynamicjson" name="f" time="2.006"/>
  <testcase classname="com.tcs.dnd.Dynamicjson" name="f" time="0.224"/>
  <testcase classname="com.tcs.dnd.Dynamicjson" name="f" time="0.219"/>
</testsuite> <!-- Default test -->
