<?xml version="1.0" encoding="UTF-8"?>
<testng-results ignored="0" total="3" passed="3" failed="0" skipped="0">
  <reporter-output>
  </reporter-output>
  <suite started-at="2023-07-01T22:11:18 IST" name="Default suite" finished-at="2023-07-01T22:11:20 IST" duration-ms="2495">
    <groups>
    </groups>
    <test started-at="2023-07-01T22:11:18 IST" name="Default test" finished-at="2023-07-01T22:11:20 IST" duration-ms="2495">
      <class name="com.tcs.dnd.Dynamicjson">
        <test-method signature="f(java.lang.String,java.lang.String)[pri:0, instance:com.tcs.dnd.Dynamicjson@76908cc0]" started-at="2023-07-01T22:11:18 IST" name="f" data-provider="dp" finished-at="2023-07-01T22:11:20 IST" duration-ms="2006" status="PASS">
          <params>
            <param index="0">
              <value>
                <![CDATA[monica]]>
              </value>
            </param>
            <param index="1">
              <value>
                <![CDATA[1]]>
              </value>
            </param>
          </params>
          <reporter-output>
          </reporter-output>
        </test-method> <!-- f -->
        <test-method signature="f(java.lang.String,java.lang.String)[pri:0, instance:com.tcs.dnd.Dynamicjson@76908cc0]" started-at="2023-07-01T22:11:20 IST" name="f" data-provider="dp" finished-at="2023-07-01T22:11:20 IST" duration-ms="224" status="PASS">
          <params>
            <param index="0">
              <value>
                <![CDATA[phoebe]]>
              </value>
            </param>
            <param index="1">
              <value>
                <![CDATA[2]]>
              </value>
            </param>
          </params>
          <reporter-output>
          </reporter-output>
        </test-method> <!-- f -->
        <test-method signature="f(java.lang.String,java.lang.String)[pri:0, instance:com.tcs.dnd.Dynamicjson@76908cc0]" started-at="2023-07-01T22:11:20 IST" name="f" data-provider="dp" finished-at="2023-07-01T22:11:20 IST" duration-ms="219" status="PASS">
          <params>
            <param index="0">
              <value>
                <![CDATA[rachel]]>
              </value>
            </param>
            <param index="1">
              <value>
                <![CDATA[3]]>
              </value>
            </param>
          </params>
          <reporter-output>
          </reporter-output>
        </test-method> <!-- f -->
      </class> <!-- com.tcs.dnd.Dynamicjson -->
    </test> <!-- Default test -->
  </suite> <!-- Default suite -->
</testng-results>
